<?xml version="1.0" encoding="UTF-8"?>
<!-- Generated by org.testng.reporters.JUnitReportReporter -->
<testsuite skipped="0" hostname="LAPTOP-8EO5ID8Q" name="com.testng.Class2" tests="2" failures="0" timestamp="02 Aug 2019 05:11:28 GMT" time="0.037" errors="0">
  <testcase name="test2" time="0.012" classname="com.testng.Class2"/>
  <testcase name="test1" time="0.025" classname="com.testng.Class2"/>
</testsuite> <!-- com.testng.Class2 -->
